-------------------------------------------------------------------------------
Test set: cucumber.Options.TestRunner
-------------------------------------------------------------------------------
Tests run: 2, Failures: 1, Errors: 0, Skipped: 0, Time elapsed: 4.584 sec <<< FAILURE!
Verify if Delete Place functionality is working(Validating Place API's)  Time elapsed: 1.023 sec  <<< FAILURE!
java.lang.AssertionError: expected:<404> but was:<200>
	at org.junit.Assert.fail(Assert.java:89)
	at org.junit.Assert.failNotEquals(Assert.java:835)
	at org.junit.Assert.assertEquals(Assert.java:647)
	at org.junit.Assert.assertEquals(Assert.java:633)
	at stepDefinations.StepDefination.the_api_call_got_success_with_status_code(StepDefination.java:101)
	at ?.the API call got success with status code 200(file:///D:/eclipse-workspace/NewWorkspace/APIFramework/src/test/java/features/placeValidations.feature:22)

