<?xml version="1.0" encoding="UTF-8" ?>
<testsuite tests="2" failures="1" name="cucumber.Options.TestRunner" time="4.129" errors="0" skipped="0">
  <properties>
[...]
</properties>
  <testcase classname="Validating Place API&apos;s" name="Verify place is is being Succesfully added using AddPlaceAPI" time="3.106"/>
  <testcase classname="Validating Place API&apos;s" name="Verify if Delete Place functionality is working" time="1.023">
    <failure message="expected:&lt;404&gt; but was:&lt;200&gt;" type="java.lang.AssertionError">java.lang.AssertionError: expected:&lt;404&gt; but was:&lt;200&gt;
	at org.junit.Assert.fail(Assert.java:89)
	at org.junit.Assert.failNotEquals(Assert.java:835)
	at org.junit.Assert.assertEquals(Assert.java:647)
	at org.junit.Assert.assertEquals(Assert.java:633)
	at stepDefinations.StepDefination.the_api_call_got_success_with_status_code(StepDefination.java:101)
	at ✽.the API call got success with status code 200(file:///D:/eclipse-workspace/NewWorkspace/APIFramework/src/test/java/features/placeValidations.feature:22)
</failure>
    <system-out>/maps/api/place/delete/json
</system-out>
  </testcase>
</testsuite>